2023-08-31 11:49:44:Parameters:[redpanda-0.redpanda.redpanda.svc.cluster.local.,redpanda-1.redpanda.redpanda.svc.cluster.local.,redpanda-2.redpanda.redpanda.svc.cluster.local., 9093, 950]
2023-08-31 11:49:44:Agg record consumer is thread AggRecordConsumer
2023-08-31 11:49:44:AggregatedRecordConsumer starting...
log4j:WARN No appenders could be found for logger (org.apache.kafka.clients.consumer.ConsumerConfig).
log4j:WARN Please initialize the log4j system properly.
log4j:WARN See http://logging.apache.org/log4j/1.2/faq.html#noconfig for more info.
2023-08-31 12:05:34:Halting
2023-08-31 12:05:34:{OutputPollBatchSize=OutputPollBatchSize 
 Reports=            9382 Average=               5, Total=          49,448, 50%=               4, 95%=              15, 99%=              23, 99.5%=              26, 99.95%=              37, Max=              66
1	1817.0	
2	1454.0	
3	1226.0	
4	909.0	
5	769.0	
6	586.0	
7	479.0	
8	390.0	
9	330.0	
10	242.0	
11	214.0	
12	185.0	
13	159.0	
14	103.0	
15	95.0	
16	80.0	
17	51.0	
18	59.0	
19	52.0	
20	31.0	
21	26.0	
22	24.0	
23	19.0	
24	14.0	
25	16.0	
26	10.0	
27	4.0	
28	5.0	
29	6.0	
30	5.0	
31	6.0	
32	4.0	
33	1.0	
34	4.0	
35	1.0	
36	1.0	
37	1.0	
39	1.0	
41	1.0	
44	1.0	
66	1.0	
, OutputLag=OutputLag 
 Reports=           49448 Average=           3,901, Total=     192,878,436, 50%=            4379, 95%=            4972, 99%=            4997, 99.5%=            5000, 99.95%=            5003, Max=            5005
4	1.0	
9	2.0	
10	1.0	
11	4.0	
13	1.0	
14	2.0	
16	1.0	
18	1.0	
19	5.0	
20	1.0	
21	2.0	
22	1.0	
25	1.0	
26	2.0	
27	1.0	
28	1.0	
29	2.0	
30	2.0	
31	5.0	
32	1.0	
34	1.0	
36	5.0	
37	1.0	
38	2.0	
39	1.0	
40	1.0	
42	1.0	
43	1.0	
46	1.0	
49	1.0	
50	3.0	
52	1.0	
53	1.0	
54	1.0	
55	1.0	
56	2.0	
57	1.0	
58	2.0	
60	1.0	
61	3.0	
62	1.0	
63	1.0	
64	1.0	
66	2.0	
67	2.0	
71	2.0	
74	2.0	
76	1.0	
79	1.0	
81	1.0	
82	1.0	
83	1.0	
84	2.0	
85	6.0	
86	2.0	
87	1.0	
88	3.0	
89	3.0	
91	1.0	
94	3.0	
95	1.0	
97	2.0	
98	1.0	
99	1.0	
100	3.0	
101	2.0	
102	3.0	
104	3.0	
105	1.0	
108	1.0	
109	1.0	
111	2.0	
112	1.0	
113	1.0	
114	3.0	
115	3.0	
116	1.0	
117	1.0	
120	2.0	
121	1.0	
123	1.0	
124	1.0	
125	2.0	
127	2.0	
129	1.0	
132	2.0	
133	1.0	
135	2.0	
136	4.0	
138	1.0	
139	1.0	
141	3.0	
142	2.0	
143	2.0	
144	1.0	
145	1.0	
146	2.0	
150	2.0	
151	2.0	
153	2.0	
154	1.0	
155	7.0	
158	3.0	
159	1.0	
160	1.0	
162	2.0	
163	1.0	
164	1.0	
165	3.0	
166	1.0	
167	1.0	
168	1.0	
169	1.0	
170	1.0	
172	1.0	
175	3.0	
176	2.0	
177	1.0	
180	1.0	
181	1.0	
182	2.0	
183	3.0	
184	7.0	
185	3.0	
187	2.0	
188	1.0	
191	2.0	
193	1.0	
196	1.0	
201	1.0	
203	1.0	
204	4.0	
205	5.0	
207	1.0	
208	3.0	
211	3.0	
214	2.0	
215	5.0	
216	3.0	
217	1.0	
218	2.0	
219	1.0	
220	2.0	
221	1.0	
222	2.0	
223	1.0	
224	6.0	
226	1.0	
228	1.0	
229	1.0	
230	1.0	
231	3.0	
232	1.0	
233	2.0	
237	1.0	
239	3.0	
240	1.0	
243	2.0	
246	2.0	
247	1.0	
248	3.0	
249	5.0	
250	1.0	
253	2.0	
254	5.0	
255	1.0	
257	3.0	
258	5.0	
259	3.0	
261	4.0	
263	1.0	
264	1.0	
265	1.0	
267	8.0	
268	2.0	
271	3.0	
272	2.0	
274	2.0	
275	5.0	
276	3.0	
277	2.0	
278	1.0	
279	4.0	
281	6.0	
282	3.0	
287	1.0	
292	2.0	
293	1.0	
296	2.0	
297	1.0	
299	1.0	
302	2.0	
304	3.0	
305	3.0	
308	1.0	
309	3.0	
312	2.0	
313	3.0	
316	4.0	
317	1.0	
318	2.0	
319	2.0	
321	1.0	
322	3.0	
323	2.0	
324	1.0	
326	2.0	
328	2.0	
329	1.0	
333	1.0	
336	3.0	
337	2.0	
338	2.0	
339	1.0	
341	2.0	
342	2.0	
343	3.0	
345	2.0	
346	2.0	
348	2.0	
350	3.0	
352	1.0	
354	3.0	
355	2.0	
357	2.0	
358	6.0	
359	2.0	
361	1.0	
362	3.0	
363	1.0	
364	6.0	
366	2.0	
369	3.0	
370	1.0	
372	3.0	
374	1.0	
375	1.0	
378	1.0	
379	2.0	
381	1.0	
382	3.0	
383	4.0	
385	2.0	
386	2.0	
387	2.0	
388	1.0	
391	3.0	
392	2.0	
393	6.0	
394	4.0	
396	6.0	
397	3.0	
399	2.0	
400	2.0	
403	5.0	
404	1.0	
405	2.0	
407	2.0	
409	2.0	
411	6.0	
412	7.0	
413	2.0	
415	5.0	
418	1.0	
419	2.0	
420	2.0	
422	2.0	
424	2.0	
429	2.0	
431	1.0	
432	1.0	
433	2.0	
434	1.0	
436	3.0	
440	4.0	
444	3.0	
445	6.0	
447	2.0	
449	3.0	
452	1.0	
454	2.0	
457	1.0	
460	3.0	
461	1.0	
462	3.0	
463	1.0	
464	2.0	
465	5.0	
466	1.0	
467	5.0	
468	5.0	
469	4.0	
470	3.0	
472	3.0	
473	3.0	
474	4.0	
475	2.0	
477	3.0	
478	2.0	
482	1.0	
483	1.0	
484	2.0	
486	1.0	
487	4.0	
488	3.0	
489	4.0	
490	3.0	
491	2.0	
494	4.0	
495	4.0	
498	3.0	
500	2.0	
501	6.0	
502	1.0	
503	2.0	
504	3.0	
506	1.0	
512	2.0	
516	2.0	
517	1.0	
518	5.0	
519	7.0	
521	1.0	
522	5.0	
524	1.0	
525	1.0	
528	2.0	
530	1.0	
531	2.0	
532	3.0	
533	1.0	
534	2.0	
535	3.0	
536	3.0	
539	2.0	
540	3.0	
541	3.0	
542	1.0	
545	5.0	
547	2.0	
550	2.0	
551	2.0	
552	9.0	
555	2.0	
557	1.0	
558	1.0	
560	2.0	
564	5.0	
565	3.0	
567	1.0	
569	4.0	
571	8.0	
573	1.0	
574	6.0	
577	2.0	
579	2.0	
580	3.0	
582	3.0	
585	1.0	
587	4.0	
588	1.0	
590	2.0	
591	5.0	
595	1.0	
596	1.0	
597	2.0	
599	2.0	
606	1.0	
610	1.0	
611	1.0	
612	2.0	
615	3.0	
616	3.0	
619	1.0	
620	1.0	
621	4.0	
622	2.0	
623	1.0	
625	7.0	
626	5.0	
628	8.0	
630	2.0	
633	2.0	
635	3.0	
636	2.0	
637	2.0	
639	2.0	
646	12.0	
647	3.0	
648	5.0	
649	1.0	
650	1.0	
651	3.0	
652	1.0	
653	1.0	
654	2.0	
656	1.0	
657	5.0	
659	2.0	
660	7.0	
661	2.0	
662	1.0	
663	2.0	
664	2.0	
665	1.0	
666	3.0	
669	2.0	
670	2.0	
674	1.0	
675	3.0	
676	2.0	
678	2.0	
680	2.0	
681	4.0	
685	2.0	
686	3.0	
687	3.0	
690	5.0	
691	5.0	
692	4.0	
694	1.0	
697	3.0	
698	7.0	
703	2.0	
706	4.0	
707	5.0	
709	5.0	
710	3.0	
716	2.0	
717	2.0	
718	2.0	
719	11.0	
720	3.0	
721	2.0	
722	3.0	
723	1.0	
725	4.0	
727	2.0	
729	3.0	
731	2.0	
732	3.0	
733	1.0	
736	1.0	
739	2.0	
741	1.0	
744	1.0	
745	4.0	
747	1.0	
749	2.0	
752	6.0	
754	2.0	
755	2.0	
756	2.0	
757	5.0	
758	4.0	
759	2.0	
760	1.0	
761	1.0	
763	3.0	
764	2.0	
765	4.0	
766	10.0	
767	1.0	
773	3.0	
779	3.0	
781	5.0	
784	2.0	
785	1.0	
787	2.0	
788	2.0	
790	1.0	
791	1.0	
797	3.0	
798	3.0	
799	2.0	
800	9.0	
801	3.0	
802	1.0	
804	2.0	
807	3.0	
808	2.0	
809	2.0	
810	2.0	
813	5.0	
814	2.0	
815	1.0	
817	2.0	
818	3.0	
819	4.0	
820	2.0	
822	7.0	
823	1.0	
824	5.0	
825	3.0	
826	3.0	
828	1.0	
831	6.0	
832	1.0	
833	3.0	
837	1.0	
842	7.0	
843	8.0	
844	1.0	
845	10.0	
846	5.0	
850	4.0	
852	2.0	
854	2.0	
857	3.0	
858	2.0	
859	2.0	
860	7.0	
861	4.0	
865	1.0	
866	2.0	
867	2.0	
869	1.0	
870	11.0	
873	4.0	
874	1.0	
875	2.0	
876	5.0	
877	2.0	
878	2.0	
879	3.0	
880	2.0	
882	1.0	
883	1.0	
887	3.0	
889	3.0	
891	10.0	
892	10.0	
893	4.0	
895	1.0	
896	5.0	
897	3.0	
898	2.0	
901	4.0	
902	11.0	
903	2.0	
904	2.0	
905	4.0	
906	6.0	
907	1.0	
908	1.0	
909	2.0	
910	1.0	
911	1.0	
913	6.0	
916	1.0	
918	3.0	
919	4.0	
921	3.0	
922	1.0	
923	2.0	
924	2.0	
926	5.0	
927	2.0	
928	7.0	
929	3.0	
931	1.0	
932	4.0	
934	4.0	
935	5.0	
936	2.0	
938	12.0	
939	4.0	
940	2.0	
944	11.0	
945	1.0	
947	3.0	
948	3.0	
950	1.0	
951	3.0	
952	6.0	
953	1.0	
955	1.0	
956	2.0	
957	1.0	
958	2.0	
959	3.0	
961	11.0	
963	3.0	
965	3.0	
968	1.0	
969	3.0	
970	3.0	
972	3.0	
977	2.0	
978	2.0	
979	1.0	
981	6.0	
982	9.0	
984	2.0	
985	1.0	
986	2.0	
991	3.0	
992	2.0	
993	2.0	
994	7.0	
996	4.0	
998	4.0	
999	8.0	
1001	9.0	
1002	6.0	
1003	4.0	
1004	7.0	
1005	2.0	
1006	3.0	
1007	10.0	
1009	4.0	
1010	2.0	
1011	3.0	
1013	2.0	
1014	1.0	
1015	2.0	
1016	6.0	
1017	10.0	
1018	3.0	
1020	6.0	
1021	6.0	
1022	1.0	
1025	2.0	
1030	4.0	
1031	3.0	
1032	1.0	
1034	3.0	
1036	1.0	
1037	4.0	
1038	1.0	
1039	10.0	
1041	1.0	
1042	15.0	
1043	4.0	
1044	2.0	
1045	2.0	
1046	1.0	
1047	1.0	
1050	4.0	
1051	2.0	
1052	7.0	
1053	7.0	
1054	3.0	
1055	2.0	
1057	1.0	
1060	5.0	
1061	3.0	
1062	1.0	
1063	5.0	
1065	1.0	
1066	3.0	
1067	3.0	
1068	5.0	
1069	1.0	
1072	5.0	
1073	5.0	
1076	3.0	
1077	3.0	
1079	3.0	
1080	5.0	
1082	1.0	
1084	8.0	
1085	1.0	
1087	6.0	
1088	1.0	
1090	2.0	
1092	5.0	
1094	24.0	
1095	7.0	
1096	1.0	
1097	1.0	
1098	4.0	
1099	4.0	
1100	1.0	
1101	3.0	
1102	9.0	
1104	1.0	
1105	3.0	
1106	2.0	
1107	3.0	
1108	5.0	
1111	1.0	
1114	1.0	
1115	6.0	
1116	6.0	
1119	1.0	
1121	10.0	
1122	2.0	
1123	1.0	
1125	1.0	
1130	3.0	
1131	2.0	
1133	4.0	
1134	1.0	
1135	2.0	
1136	5.0	
1140	5.0	
1141	2.0	
1142	2.0	
1143	1.0	
1144	11.0	
1146	2.0	
1147	6.0	
1148	5.0	
1150	2.0	
1151	4.0	
1152	4.0	
1153	8.0	
1155	4.0	
1156	7.0	
1157	3.0	
1159	8.0	
1161	4.0	
1163	5.0	
1165	5.0	
1166	1.0	
1167	3.0	
1168	3.0	
1169	5.0	
1171	12.0	
1172	7.0	
1174	4.0	
1175	2.0	
1178	5.0	
1179	9.0	
1182	6.0	
1185	3.0	
1186	7.0	
1188	4.0	
1189	1.0	
1190	6.0	
1191	8.0	
1192	1.0	
1193	9.0	
1194	7.0	
1196	2.0	
1197	4.0	
1198	5.0	
1199	3.0	
1200	3.0	
1201	7.0	
1204	3.0	
1205	1.0	
1206	6.0	
1207	4.0	
1209	4.0	
1210	13.0	
1211	1.0	
1212	3.0	
1213	3.0	
1216	3.0	
1218	5.0	
1219	3.0	
1220	5.0	
1223	4.0	
1224	8.0	
1226	2.0	
1227	4.0	
1232	1.0	
1233	3.0	
1235	1.0	
1236	1.0	
1238	7.0	
1239	1.0	
1240	3.0	
1241	3.0	
1242	3.0	
1244	1.0	
1246	3.0	
1248	2.0	
1250	7.0	
1251	3.0	
1252	5.0	
1255	1.0	
1256	10.0	
1258	5.0	
1259	1.0	
1260	2.0	
1262	4.0	
1263	3.0	
1264	2.0	
1265	5.0	
1267	2.0	
1268	2.0	
1269	1.0	
1271	4.0	
1272	3.0	
1273	14.0	
1276	1.0	
1278	5.0	
1279	2.0	
1280	6.0	
1281	5.0	
1282	1.0	
1285	1.0	
1287	1.0	
1288	1.0	
1290	1.0	
1293	10.0	
1294	3.0	
1296	5.0	
1297	7.0	
1298	4.0	
1299	2.0	
1301	5.0	
1305	4.0	
1307	12.0	
1309	10.0	
1311	3.0	
1312	16.0	
1313	1.0	
1314	8.0	
1315	7.0	
1316	1.0	
1319	11.0	
1320	1.0	
1321	1.0	
1322	3.0	
1324	10.0	
1325	4.0	
1326	4.0	
1327	4.0	
1328	2.0	
1329	5.0	
1330	5.0	
1331	1.0	
1332	1.0	
1333	12.0	
1335	4.0	
1336	2.0	
1337	18.0	
1338	5.0	
1339	1.0	
1340	6.0	
1342	3.0	
1343	1.0	
1344	5.0	
1345	8.0	
1347	8.0	
1348	5.0	
1349	15.0	
1350	11.0	
1351	3.0	
1352	1.0	
1354	11.0	
1355	4.0	
1357	6.0	
1358	3.0	
1359	9.0	
1360	5.0	
1361	1.0	
1362	1.0	
1364	9.0	
1365	6.0	
1366	1.0	
1369	8.0	
1371	8.0	
1372	2.0	
1373	5.0	
1374	7.0	
1375	4.0	
1378	1.0	
1379	4.0	
1380	5.0	
1382	2.0	
1385	6.0	
1387	8.0	
1389	1.0	
1391	4.0	
1392	1.0	
1393	11.0	
1394	4.0	
1395	9.0	
1396	3.0	
1397	5.0	
1398	5.0	
1399	1.0	
1402	1.0	
1403	1.0	
1404	10.0	
1405	4.0	
1406	5.0	
1408	2.0	
1409	3.0	
1410	3.0	
1411	7.0	
1412	10.0	
1413	12.0	
1414	3.0	
1415	4.0	
1420	11.0	
1421	1.0	
1422	4.0	
1424	10.0	
1426	2.0	
1427	4.0	
1428	8.0	
1430	4.0	
1432	6.0	
1435	3.0	
1436	6.0	
1438	1.0	
1439	3.0	
1440	1.0	
1445	1.0	
1447	3.0	
1448	8.0	
1449	11.0	
1451	1.0	
1452	6.0	
1453	2.0	
1456	3.0	
1458	1.0	
1459	1.0	
1460	2.0	
1462	2.0	
1463	9.0	
1464	2.0	
1465	5.0	
1467	1.0	
1472	1.0	
1474	4.0	
1475	8.0	
1476	2.0	
1477	14.0	
1478	15.0	
1479	5.0	
1480	2.0	
1481	11.0	
1482	3.0	
1483	2.0	
1485	3.0	
1489	11.0	
1490	2.0	
1491	2.0	
1493	11.0	
1495	1.0	
1499	6.0	
1500	11.0	
1503	5.0	
1504	2.0	
1505	3.0	
1506	5.0	
1507	8.0	
1508	2.0	
1509	2.0	
1510	4.0	
1511	1.0	
1513	2.0	
1517	5.0	
1518	3.0	
1519	2.0	
1520	3.0	
1521	2.0	
1522	7.0	
1523	1.0	
1525	1.0	
1528	2.0	
1529	3.0	
1530	4.0	
1531	1.0	
1533	2.0	
1534	2.0	
1543	4.0	
1544	2.0	
1545	9.0	
1546	5.0	
1547	2.0	
1548	3.0	
1549	11.0	
1551	5.0	
1552	1.0	
1553	5.0	
1556	12.0	
1557	3.0	
1558	2.0	
1562	3.0	
1563	4.0	
1564	5.0	
1565	1.0	
1567	11.0	
1568	3.0	
1569	10.0	
1570	3.0	
1571	8.0	
1573	1.0	
1575	4.0	
1576	1.0	
1577	16.0	
1579	2.0	
1580	5.0	
1582	1.0	
1583	5.0	
1584	9.0	
1586	2.0	
1587	6.0	
1588	18.0	
1589	5.0	
1590	4.0	
1591	8.0	
1592	2.0	
1597	10.0	
1599	2.0	
1600	2.0	
1601	2.0	
1602	5.0	
1603	1.0	
1604	9.0	
1605	13.0	
1608	1.0	
1609	5.0	
1610	7.0	
1611	1.0	
1612	4.0	
1613	3.0	
1615	10.0	
1616	2.0	
1617	1.0	
1618	5.0	
1621	2.0	
1622	3.0	
1624	9.0	
1626	4.0	
1627	4.0	
1630	6.0	
1634	2.0	
1635	3.0	
1636	14.0	
1640	4.0	
1641	9.0	
1642	4.0	
1644	5.0	
1645	2.0	
1646	2.0	
1647	5.0	
1648	9.0	
1649	5.0	
1651	7.0	
1652	1.0	
1654	3.0	
1655	2.0	
1657	1.0	
1658	3.0	
1660	3.0	
1661	3.0	
1663	1.0	
1664	1.0	
1665	9.0	
1666	4.0	
1668	2.0	
1670	5.0	
1671	5.0	
1672	3.0	
1673	2.0	
1675	2.0	
1677	15.0	
1682	5.0	
1683	5.0	
1684	6.0	
1685	3.0	
1686	19.0	
1687	18.0	
1689	2.0	
1691	1.0	
1692	1.0	
1693	3.0	
1694	1.0	
1696	10.0	
1697	3.0	
1698	2.0	
1699	3.0	
1705	3.0	
1706	5.0	
1707	3.0	
1710	2.0	
1711	4.0	
1712	1.0	
1713	11.0	
1716	3.0	
1718	2.0	
1719	9.0	
1722	2.0	
1723	1.0	
1724	8.0	
1726	1.0	
1727	11.0	
1729	6.0	
1730	4.0	
1733	7.0	
1734	23.0	
1735	3.0	
1738	9.0	
1739	8.0	
1740	10.0	
1741	14.0	
1743	5.0	
1744	3.0	
1745	4.0	
1749	3.0	
1751	9.0	
1753	9.0	
1754	3.0	
1755	11.0	
1756	2.0	
1757	1.0	
1759	6.0	
1760	6.0	
1762	2.0	
1763	1.0	
1764	10.0	
1765	19.0	
1767	5.0	
1768	6.0	
1769	1.0	
1772	9.0	
1773	4.0	
1774	8.0	
1776	2.0	
1777	2.0	
1780	11.0	
1781	1.0	
1782	8.0	
1783	10.0	
1785	1.0	
1789	2.0	
1791	7.0	
1792	8.0	
1793	1.0	
1794	2.0	
1795	6.0	
1796	5.0	
1797	5.0	
1798	12.0	
1799	14.0	
1800	11.0	
1802	3.0	
1803	3.0	
1804	5.0	
1805	6.0	
1806	3.0	
1807	2.0	
1808	6.0	
1809	2.0	
1811	11.0	
1813	10.0	
1814	1.0	
1815	2.0	
1818	7.0	
1819	1.0	
1820	5.0	
1821	3.0	
1823	3.0	
1825	4.0	
1826	5.0	
1827	2.0	
1828	7.0	
1829	6.0	
1831	4.0	
1833	7.0	
1836	13.0	
1837	4.0	
1838	2.0	
1839	7.0	
1840	3.0	
1842	11.0	
1843	6.0	
1844	6.0	
1845	2.0	
1846	5.0	
1847	1.0	
1848	12.0	
1849	5.0	
1850	1.0	
1851	3.0	
1855	2.0	
1856	3.0	
1858	4.0	
1860	9.0	
1861	4.0	
1862	1.0	
1864	5.0	
1865	6.0	
1866	2.0	
1867	2.0	
1868	9.0	
1869	1.0	
1870	3.0	
1871	4.0	
1874	2.0	
1875	5.0	
1877	4.0	
1878	5.0	
1879	1.0	
1881	4.0	
1882	8.0	
1883	8.0	
1885	8.0	
1886	11.0	
1887	17.0	
1888	11.0	
1889	2.0	
1890	1.0	
1892	1.0	
1894	1.0	
1895	6.0	
1896	3.0	
1897	8.0	
1898	2.0	
1900	5.0	
1901	4.0	
1904	5.0	
1906	8.0	
1907	8.0	
1909	12.0	
1911	4.0	
1912	14.0	
1913	6.0	
1914	6.0	
1915	2.0	
1916	16.0	
1917	1.0	
1920	5.0	
1922	10.0	
1923	5.0	
1924	13.0	
1925	4.0	
1927	3.0	
1928	1.0	
1929	5.0	
1931	5.0	
1932	6.0	
1933	4.0	
1934	7.0	
1935	5.0	
1936	2.0	
1938	3.0	
1941	1.0	
1942	11.0	
1945	7.0	
1947	5.0	
1948	8.0	
1949	6.0	
1950	4.0	
1951	4.0	
1954	8.0	
1955	2.0	
1958	4.0	
1959	9.0	
1961	9.0	
1962	2.0	
1963	5.0	
1965	12.0	
1966	7.0	
1967	17.0	
1968	7.0	
1970	2.0	
1972	1.0	
1973	8.0	
1974	4.0	
1975	3.0	
1976	12.0	
1979	3.0	
1980	11.0	
1981	5.0	
1982	2.0	
1983	12.0	
1984	1.0	
1985	8.0	
1986	4.0	
1988	15.0	
1990	5.0	
1991	7.0	
1992	2.0	
1993	3.0	
1994	1.0	
1995	7.0	
1997	1.0	
1998	2.0	
1999	1.0	
2002	2.0	
2003	2.0	
2004	23.0	
2005	2.0	
2006	6.0	
2007	10.0	
2008	20.0	
2009	1.0	
2010	6.0	
2011	7.0	
2012	11.0	
2014	3.0	
2015	2.0	
2016	7.0	
2018	4.0	
2019	1.0	
2020	3.0	
2023	4.0	
2025	9.0	
2026	10.0	
2028	2.0	
2029	8.0	
2030	6.0	
2032	6.0	
2033	1.0	
2034	9.0	
2036	8.0	
2038	10.0	
2039	1.0	
2040	6.0	
2041	5.0	
2042	6.0	
2043	13.0	
2046	20.0	
2047	4.0	
2048	7.0	
2050	21.0	
2051	3.0	
2052	5.0	
2053	7.0	
2054	7.0	
2055	8.0	
2056	2.0	
2057	2.0	
2058	2.0	
2059	7.0	
2061	3.0	
2062	5.0	
2064	4.0	
2066	12.0	
2068	2.0	
2071	5.0	
2072	3.0	
2073	9.0	
2074	8.0	
2075	4.0	
2079	10.0	
2081	18.0	
2082	6.0	
2083	5.0	
2084	1.0	
2087	16.0	
2088	2.0	
2089	1.0	
2090	5.0	
2091	15.0	
2092	18.0	
2093	9.0	
2094	10.0	
2096	6.0	
2099	1.0	
2100	4.0	
2101	5.0	
2105	2.0	
2107	12.0	
2108	4.0	
2110	11.0	
2112	6.0	
2113	6.0	
2114	1.0	
2116	3.0	
2117	15.0	
2120	10.0	
2122	3.0	
2123	5.0	
2126	2.0	
2127	10.0	
2130	11.0	
2132	2.0	
2133	6.0	
2135	6.0	
2136	12.0	
2137	9.0	
2138	16.0	
2141	3.0	
2142	7.0	
2143	2.0	
2144	5.0	
2145	2.0	
2146	6.0	
2147	20.0	
2149	4.0	
2150	2.0	
2151	2.0	
2152	6.0	
2153	6.0	
2154	2.0	
2156	14.0	
2158	6.0	
2160	9.0	
2161	11.0	
2162	1.0	
2164	26.0	
2165	3.0	
2166	16.0	
2167	3.0	
2168	1.0	
2169	6.0	
2171	3.0	
2172	2.0	
2173	4.0	
2175	5.0	
2176	9.0	
2178	9.0	
2181	18.0	
2184	5.0	
2186	11.0	
2189	21.0	
2190	7.0	
2191	8.0	
2192	4.0	
2195	5.0	
2196	8.0	
2197	2.0	
2198	31.0	
2199	8.0	
2200	6.0	
2201	15.0	
2203	19.0	
2204	1.0	
2205	9.0	
2206	3.0	
2207	7.0	
2209	3.0	
2211	8.0	
2213	5.0	
2214	1.0	
2215	2.0	
2216	23.0	
2217	2.0	
2218	1.0	
2219	5.0	
2220	10.0	
2222	19.0	
2223	3.0	
2224	2.0	
2225	2.0	
2227	16.0	
2228	12.0	
2229	6.0	
2233	10.0	
2237	2.0	
2238	10.0	
2240	3.0	
2241	12.0	
2242	10.0	
2243	1.0	
2244	6.0	
2245	4.0	
2246	10.0	
2248	2.0	
2249	9.0	
2250	1.0	
2252	5.0	
2253	15.0	
2254	2.0	
2256	7.0	
2257	8.0	
2258	6.0	
2259	8.0	
2260	11.0	
2261	14.0	
2262	2.0	
2263	3.0	
2264	16.0	
2265	5.0	
2266	4.0	
2268	2.0	
2270	12.0	
2271	7.0	
2272	7.0	
2274	12.0	
2275	4.0	
2277	8.0	
2278	10.0	
2279	6.0	
2281	5.0	
2282	13.0	
2283	6.0	
2284	15.0	
2285	15.0	
2286	9.0	
2287	6.0	
2291	1.0	
2294	11.0	
2296	10.0	
2297	25.0	
2300	2.0	
2304	7.0	
2306	12.0	
2307	2.0	
2308	1.0	
2309	4.0	
2310	3.0	
2312	18.0	
2314	12.0	
2315	6.0	
2319	9.0	
2320	8.0	
2321	16.0	
2322	1.0	
2325	7.0	
2326	9.0	
2327	1.0	
2329	8.0	
2330	8.0	
2332	4.0	
2333	7.0	
2335	10.0	
2336	2.0	
2337	11.0	
2338	5.0	
2339	5.0	
2340	11.0	
2341	4.0	
2343	6.0	
2344	2.0	
2345	8.0	
2347	6.0	
2348	4.0	
2349	19.0	
2350	7.0	
2351	5.0	
2352	4.0	
2355	1.0	
2356	2.0	
2358	1.0	
2359	5.0	
2360	5.0	
2361	5.0	
2362	8.0	
2364	1.0	
2365	3.0	
2366	2.0	
2367	38.0	
2368	5.0	
2370	3.0	
2371	10.0	
2372	4.0	
2373	13.0	
2375	3.0	
2376	5.0	
2377	5.0	
2378	17.0	
2379	5.0	
2382	3.0	
2383	8.0	
2386	11.0	
2388	5.0	
2389	8.0	
2390	7.0	
2391	8.0	
2392	13.0	
2393	9.0	
2394	2.0	
2395	19.0	
2400	12.0	
2401	21.0	
2402	3.0	
2404	5.0	
2405	6.0	
2406	4.0	
2407	6.0	
2408	12.0	
2409	11.0	
2410	1.0	
2411	10.0	
2413	11.0	
2416	9.0	
2418	4.0	
2421	4.0	
2425	2.0	
2426	3.0	
2427	3.0	
2429	20.0	
2432	13.0	
2433	15.0	
2434	11.0	
2435	3.0	
2437	10.0	
2439	14.0	
2442	2.0	
2443	7.0	
2444	10.0	
2445	13.0	
2447	4.0	
2449	8.0	
2450	3.0	
2451	1.0	
2452	10.0	
2453	15.0	
2455	3.0	
2456	6.0	
2457	8.0	
2458	10.0	
2459	4.0	
2460	4.0	
2462	9.0	
2463	7.0	
2464	3.0	
2465	11.0	
2466	1.0	
2467	18.0	
2469	18.0	
2471	5.0	
2473	5.0	
2474	8.0	
2476	3.0	
2477	2.0	
2479	1.0	
2480	8.0	
2481	11.0	
2482	9.0	
2483	10.0	
2484	3.0	
2485	1.0	
2486	2.0	
2487	2.0	
2488	3.0	
2489	13.0	
2491	8.0	
2492	17.0	
2493	1.0	
2494	6.0	
2495	2.0	
2496	1.0	
2497	5.0	
2498	14.0	
2502	2.0	
2503	2.0	
2505	7.0	
2506	4.0	
2507	5.0	
2508	6.0	
2510	14.0	
2511	6.0	
2512	1.0	
2513	4.0	
2515	3.0	
2516	11.0	
2517	13.0	
2518	3.0	
2519	2.0	
2520	6.0	
2523	28.0	
2525	1.0	
2526	3.0	
2527	11.0	
2528	10.0	
2529	7.0	
2531	7.0	
2533	18.0	
2534	8.0	
2539	21.0	
2540	1.0	
2542	3.0	
2545	10.0	
2546	1.0	
2547	2.0	
2548	5.0	
2549	14.0	
2550	6.0	
2551	4.0	
2552	3.0	
2554	7.0	
2556	7.0	
2559	3.0	
2560	4.0	
2561	11.0	
2562	6.0	
2563	3.0	
2564	7.0	
2565	21.0	
2566	5.0	
2567	14.0	
2568	5.0	
2569	2.0	
2570	13.0	
2572	7.0	
2573	2.0	
2574	9.0	
2575	12.0	
2577	4.0	
2578	3.0	
2580	9.0	
2582	5.0	
2584	2.0	
2586	2.0	
2588	6.0	
2589	19.0	
2590	14.0	
2592	12.0	
2594	10.0	
2596	8.0	
2597	2.0	
2600	3.0	
2603	4.0	
2604	1.0	
2606	7.0	
2607	4.0	
2609	3.0	
2610	1.0	
2611	6.0	
2612	3.0	
2615	10.0	
2616	2.0	
2617	13.0	
2620	8.0	
2623	18.0	
2625	9.0	
2626	10.0	
2627	8.0	
2628	7.0	
2629	2.0	
2631	7.0	
2632	2.0	
2634	12.0	
2635	1.0	
2636	1.0	
2637	8.0	
2639	11.0	
2640	2.0	
2641	9.0	
2643	5.0	
2644	3.0	
2646	4.0	
2647	3.0	
2648	2.0	
2649	23.0	
2652	1.0	
2653	6.0	
2654	3.0	
2657	1.0	
2658	1.0	
2659	12.0	
2660	16.0	
2661	5.0	
2663	18.0	
2664	5.0	
2665	11.0	
2666	2.0	
2668	1.0	
2669	5.0	
2671	14.0	
2672	2.0	
2673	3.0	
2676	12.0	
2677	12.0	
2678	2.0	
2679	20.0	
2680	9.0	
2681	6.0	
2682	4.0	
2684	12.0	
2685	20.0	
2686	7.0	
2687	2.0	
2688	7.0	
2689	16.0	
2690	7.0	
2694	2.0	
2695	6.0	
2696	2.0	
2697	2.0	
2698	5.0	
2699	15.0	
2700	9.0	
2701	25.0	
2702	3.0	
2704	11.0	
2705	12.0	
2706	5.0	
2707	2.0	
2709	4.0	
2712	13.0	
2713	1.0	
2714	15.0	
2715	5.0	
2716	8.0	
2719	4.0	
2720	3.0	
2721	8.0	
2724	5.0	
2726	10.0	
2727	3.0	
2728	6.0	
2729	6.0	
2730	7.0	
2731	18.0	
2732	9.0	
2733	1.0	
2734	6.0	
2735	12.0	
2736	12.0	
2737	6.0	
2738	4.0	
2740	8.0	
2741	4.0	
2742	9.0	
2743	8.0	
2744	13.0	
2746	10.0	
2747	6.0	
2748	6.0	
2749	9.0	
2750	1.0	
2751	2.0	
2752	19.0	
2753	5.0	
2754	13.0	
2755	6.0	
2757	10.0	
2760	2.0	
2761	4.0	
2762	21.0	
2763	8.0	
2766	28.0	
2767	4.0	
2768	4.0	
2769	3.0	
2770	7.0	
2771	23.0	
2772	6.0	
2774	16.0	
2776	2.0	
2780	17.0	
2781	16.0	
2782	11.0	
2784	3.0	
2785	11.0	
2786	10.0	
2787	4.0	
2788	9.0	
2789	13.0	
2791	19.0	
2792	8.0	
2794	3.0	
2796	13.0	
2800	4.0	
2802	12.0	
2803	5.0	
2804	2.0	
2806	3.0	
2808	12.0	
2809	10.0	
2810	17.0	
2811	3.0	
2812	5.0	
2813	14.0	
2815	9.0	
2816	9.0	
2817	24.0	
2818	8.0	
2819	3.0	
2820	4.0	
2822	1.0	
2823	2.0	
2824	12.0	
2825	4.0	
2826	12.0	
2827	6.0	
2828	6.0	
2829	4.0	
2830	7.0	
2831	12.0	
2832	6.0	
2833	5.0	
2834	6.0	
2838	13.0	
2839	24.0	
2841	16.0	
2843	25.0	
2845	12.0	
2846	13.0	
2848	16.0	
2849	20.0	
2850	6.0	
2851	10.0	
2853	6.0	
2854	4.0	
2855	10.0	
2856	8.0	
2857	5.0	
2859	26.0	
2860	2.0	
2861	2.0	
2863	7.0	
2864	2.0	
2865	6.0	
2867	11.0	
2868	4.0	
2869	6.0	
2870	14.0	
2871	1.0	
2872	3.0	
2873	2.0	
2876	1.0	
2877	26.0	
2878	9.0	
2879	12.0	
2880	5.0	
2881	3.0	
2883	6.0	
2885	4.0	
2886	22.0	
2887	3.0	
2888	15.0	
2889	20.0	
2890	3.0	
2891	13.0	
2892	11.0	
2893	3.0	
2894	6.0	
2895	2.0	
2898	3.0	
2899	17.0	
2900	4.0	
2901	9.0	
2906	6.0	
2907	11.0	
2908	17.0	
2911	11.0	
2912	5.0	
2913	14.0	
2914	9.0	
2915	11.0	
2916	8.0	
2917	6.0	
2918	4.0	
2920	8.0	
2922	3.0	
2923	12.0	
2924	5.0	
2926	20.0	
2927	6.0	
2928	10.0	
2929	4.0	
2931	1.0	
2932	3.0	
2934	8.0	
2935	15.0	
2936	5.0	
2938	11.0	
2939	76.0	
2940	19.0	
2941	4.0	
2942	5.0	
2944	1.0	
2945	6.0	
2946	1.0	
2947	7.0	
2949	3.0	
2950	2.0	
2952	4.0	
2953	5.0	
2954	3.0	
2955	2.0	
2956	10.0	
2957	3.0	
2958	4.0	
2959	5.0	
2960	6.0	
2961	2.0	
2963	5.0	
2964	8.0	
2965	5.0	
2966	11.0	
2967	10.0	
2968	8.0	
2970	5.0	
2974	5.0	
2975	4.0	
2976	22.0	
2979	12.0	
2980	11.0	
2981	3.0	
2983	6.0	
2984	23.0	
2985	2.0	
2986	3.0	
2987	14.0	
2988	7.0	
2990	9.0	
2991	4.0	
2993	3.0	
2994	20.0	
2996	9.0	
2997	7.0	
2999	30.0	
3000	2.0	
3001	3.0	
3002	8.0	
3003	3.0	
3004	14.0	
3005	7.0	
3007	6.0	
3008	6.0	
3009	7.0	
3011	1.0	
3012	6.0	
3013	12.0	
3014	16.0	
3015	6.0	
3016	5.0	
3017	22.0	
3019	15.0	
3020	3.0	
3021	8.0	
3022	3.0	
3024	16.0	
3026	20.0	
3028	28.0	
3030	2.0	
3031	4.0	
3032	20.0	
3033	7.0	
3034	14.0	
3036	12.0	
3037	7.0	
3038	1.0	
3040	5.0	
3042	2.0	
3043	31.0	
3044	9.0	
3045	6.0	
3046	12.0	
3047	15.0	
3048	1.0	
3050	3.0	
3052	38.0	
3053	7.0	
3054	7.0	
3055	7.0	
3056	2.0	
3057	27.0	
3058	10.0	
3059	3.0	
3060	6.0	
3061	6.0	
3063	10.0	
3064	5.0	
3066	5.0	
3068	18.0	
3069	2.0	
3070	33.0	
3071	6.0	
3072	10.0	
3073	8.0	
3074	13.0	
3075	4.0	
3076	4.0	
3079	12.0	
3081	2.0	
3082	7.0	
3083	1.0	
3084	10.0	
3087	2.0	
3088	3.0	
3090	6.0	
3091	8.0	
3092	3.0	
3094	18.0	
3095	8.0	
3096	19.0	
3098	7.0	
3099	11.0	
3101	4.0	
3103	4.0	
3104	5.0	
3105	3.0	
3106	1.0	
3109	17.0	
3110	2.0	
3111	5.0	
3112	13.0	
3113	15.0	
3116	4.0	
3117	7.0	
3118	15.0	
3119	19.0	
3122	5.0	
3123	9.0	
3124	5.0	
3125	15.0	
3126	8.0	
3127	13.0	
3128	5.0	
3130	12.0	
3131	9.0	
3132	13.0	
3133	6.0	
3134	3.0	
3136	4.0	
3137	20.0	
3139	2.0	
3140	9.0	
3141	3.0	
3142	27.0	
3143	6.0	
3145	10.0	
3146	1.0	
3148	5.0	
3149	15.0	
3150	12.0	
3151	5.0	
3152	12.0	
3153	10.0	
3154	18.0	
3155	13.0	
3156	9.0	
3157	8.0	
3158	16.0	
3159	2.0	
3162	14.0	
3166	17.0	
3168	9.0	
3169	15.0	
3170	14.0	
3171	4.0	
3172	9.0	
3173	7.0	
3174	34.0	
3175	10.0	
3176	5.0	
3177	14.0	
3178	4.0	
3180	3.0	
3181	11.0	
3182	5.0	
3183	9.0	
3184	3.0	
3185	3.0	
3186	6.0	
3190	6.0	
3191	13.0	
3193	17.0	
3194	6.0	
3196	3.0	
3197	10.0	
3199	11.0	
3200	1.0	
3201	7.0	
3202	20.0	
3203	20.0	
3204	9.0	
3205	8.0	
3206	10.0	
3207	13.0	
3208	5.0	
3209	9.0	
3210	18.0	
3211	5.0	
3212	8.0	
3213	8.0	
3214	14.0	
3216	5.0	
3217	18.0	
3219	21.0	
3220	3.0	
3221	10.0	
3222	11.0	
3225	3.0	
3226	1.0	
3227	6.0	
3228	7.0	
3229	9.0	
3232	6.0	
3233	33.0	
3234	5.0	
3236	19.0	
3237	1.0	
3238	1.0	
3239	7.0	
3240	4.0	
3244	2.0	
3245	3.0	
3246	8.0	
3247	3.0	
3248	2.0	
3249	5.0	
3250	11.0	
3251	1.0	
3252	4.0	
3253	10.0	
3254	5.0	
3256	13.0	
3257	7.0	
3258	15.0	
3259	9.0	
3260	20.0	
3261	13.0	
3263	4.0	
3264	10.0	
3265	2.0	
3266	18.0	
3268	10.0	
3272	4.0	
3274	6.0	
3275	10.0	
3276	6.0	
3277	7.0	
3278	4.0	
3280	2.0	
3281	15.0	
3283	14.0	
3284	7.0	
3285	7.0	
3288	9.0	
3291	15.0	
3292	5.0	
3294	10.0	
3295	2.0	
3296	12.0	
3297	12.0	
3298	10.0	
3299	17.0	
3301	1.0	
3302	1.0	
3303	2.0	
3304	3.0	
3306	7.0	
3309	11.0	
3310	11.0	
3311	1.0	
3312	4.0	
3313	5.0	
3315	4.0	
3316	6.0	
3317	16.0	
3318	4.0	
3321	5.0	
3323	13.0	
3324	21.0	
3325	9.0	
3326	3.0	
3327	2.0	
3328	1.0	
3329	15.0	
3330	5.0	
3331	2.0	
3333	19.0	
3334	10.0	
3335	29.0	
3336	12.0	
3337	21.0	
3338	8.0	
3339	8.0	
3340	1.0	
3341	19.0	
3342	32.0	
3346	34.0	
3347	7.0	
3348	9.0	
3350	7.0	
3351	6.0	
3353	17.0	
3354	11.0	
3355	24.0	
3356	4.0	
3357	3.0	
3358	14.0	
3359	6.0	
3360	2.0	
3363	5.0	
3364	1.0	
3365	10.0	
3366	5.0	
3367	15.0	
3368	15.0	
3369	15.0	
3370	5.0	
3371	4.0	
3372	8.0	
3373	13.0	
3374	3.0	
3375	4.0	
3378	33.0	
3379	2.0	
3380	11.0	
3381	5.0	
3382	3.0	
3383	6.0	
3384	3.0	
3385	1.0	
3387	6.0	
3388	11.0	
3389	10.0	
3390	4.0	
3392	6.0	
3393	8.0	
3394	21.0	
3395	12.0	
3396	9.0	
3398	1.0	
3399	1.0	
3401	22.0	
3403	8.0	
3404	10.0	
3405	10.0	
3406	1.0	
3408	9.0	
3409	1.0	
3410	20.0	
3411	6.0	
3412	41.0	
3413	4.0	
3414	10.0	
3415	12.0	
3419	4.0	
3420	11.0	
3421	4.0	
3422	7.0	
3424	7.0	
3425	5.0	
3426	28.0	
3427	4.0	
3428	6.0	
3430	1.0	
3432	5.0	
3434	8.0	
3435	10.0	
3436	10.0	
3438	10.0	
3439	15.0	
3440	5.0	
3442	5.0	
3443	4.0	
3444	3.0	
3445	24.0	
3446	5.0	
3447	12.0	
3448	8.0	
3449	7.0	
3451	7.0	
3452	2.0	
3453	6.0	
3455	1.0	
3459	17.0	
3460	10.0	
3463	8.0	
3464	16.0	
3465	21.0	
3466	14.0	
3467	9.0	
3468	29.0	
3470	10.0	
3471	2.0	
3473	3.0	
3474	4.0	
3475	22.0	
3476	1.0	
3477	3.0	
3478	5.0	
3479	1.0	
3480	8.0	
3481	25.0	
3484	1.0	
3487	6.0	
3488	6.0	
3489	15.0	
3492	3.0	
3494	10.0	
3495	10.0	
3496	4.0	
3497	16.0	
3498	21.0	
3499	3.0	
3500	6.0	
3502	12.0	
3503	5.0	
3504	3.0	
3505	12.0	
3507	16.0	
3508	6.0	
3509	17.0	
3511	3.0	
3512	6.0	
3513	3.0	
3514	14.0	
3515	6.0	
3517	10.0	
3520	2.0	
3521	6.0	
3522	25.0	
3524	6.0	
3525	8.0	
3527	9.0	
3529	8.0	
3530	19.0	
3531	14.0	
3532	15.0	
3533	11.0	
3534	4.0	
3536	7.0	
3537	5.0	
3538	5.0	
3539	4.0	
3540	8.0	
3541	4.0	
3543	12.0	
3545	2.0	
3546	19.0	
3547	3.0	
3548	18.0	
3549	6.0	
3550	10.0	
3551	8.0	
3552	2.0	
3553	8.0	
3555	4.0	
3556	4.0	
3558	2.0	
3559	3.0	
3560	27.0	
3561	11.0	
3562	6.0	
3563	3.0	
3564	19.0	
3565	3.0	
3566	6.0	
3567	3.0	
3568	5.0	
3569	13.0	
3570	3.0	
3571	3.0	
3574	9.0	
3575	10.0	
3577	7.0	
3578	5.0	
3579	21.0	
3580	9.0	
3581	5.0	
3583	10.0	
3584	7.0	
3585	17.0	
3586	2.0	
3587	1.0	
3588	14.0	
3590	6.0	
3593	23.0	
3594	15.0	
3595	16.0	
3597	2.0	
3598	15.0	
3599	4.0	
3601	4.0	
3603	6.0	
3604	3.0	
3606	2.0	
3608	9.0	
3609	12.0	
3611	18.0	
3612	7.0	
3614	11.0	
3615	6.0	
3616	2.0	
3617	4.0	
3618	5.0	
3619	15.0	
3620	14.0	
3621	29.0	
3622	8.0	
3623	6.0	
3624	6.0	
3626	12.0	
3628	28.0	
3629	6.0	
3630	20.0	
3631	4.0	
3632	10.0	
3633	18.0	
3634	4.0	
3635	17.0	
3636	3.0	
3638	10.0	
3641	12.0	
3642	9.0	
3643	15.0	
3644	10.0	
3645	2.0	
3646	3.0	
3647	5.0	
3648	13.0	
3649	8.0	
3650	10.0	
3651	16.0	
3652	14.0	
3653	19.0	
3654	1.0	
3655	36.0	
3656	17.0	
3658	9.0	
3659	15.0	
3663	13.0	
3665	8.0	
3667	11.0	
3668	6.0	
3669	44.0	
3670	22.0	
3672	6.0	
3673	4.0	
3674	5.0	
3675	4.0	
3676	4.0	
3678	5.0	
3679	7.0	
3680	9.0	
3681	10.0	
3683	14.0	
3684	16.0	
3685	11.0	
3686	14.0	
3687	15.0	
3688	14.0	
3689	7.0	
3691	30.0	
3692	12.0	
3694	20.0	
3695	8.0	
3696	4.0	
3697	21.0	
3698	16.0	
3699	11.0	
3700	42.0	
3701	10.0	
3702	14.0	
3703	5.0	
3704	15.0	
3706	4.0	
3707	13.0	
3709	10.0	
3710	18.0	
3711	23.0	
3712	4.0	
3713	7.0	
3714	2.0	
3715	6.0	
3716	3.0	
3717	14.0	
3718	12.0	
3719	15.0	
3720	21.0	
3721	16.0	
3722	3.0	
3723	36.0	
3724	7.0	
3725	22.0	
3726	9.0	
3727	3.0	
3728	9.0	
3729	6.0	
3730	3.0	
3731	2.0	
3732	2.0	
3733	14.0	
3736	15.0	
3737	5.0	
3738	8.0	
3739	9.0	
3740	6.0	
3741	13.0	
3742	22.0	
3744	24.0	
3745	23.0	
3746	22.0	
3747	3.0	
3748	10.0	
3749	8.0	
3750	21.0	
3751	2.0	
3752	9.0	
3753	5.0	
3754	6.0	
3755	4.0	
3756	8.0	
3757	6.0	
3758	3.0	
3759	17.0	
3760	1.0	
3762	7.0	
3764	4.0	
3766	25.0	
3767	3.0	
3769	3.0	
3770	19.0	
3771	17.0	
3772	14.0	
3776	11.0	
3778	14.0	
3779	1.0	
3781	3.0	
3783	10.0	
3784	21.0	
3785	22.0	
3786	1.0	
3787	9.0	
3788	25.0	
3789	16.0	
3790	21.0	
3792	24.0	
3793	13.0	
3794	1.0	
3795	2.0	
3796	24.0	
3797	5.0	
3799	23.0	
3800	4.0	
3801	25.0	
3802	2.0	
3804	6.0	
3806	7.0	
3807	2.0	
3808	9.0	
3809	2.0	
3810	12.0	
3812	20.0	
3813	1.0	
3814	39.0	
3815	3.0	
3817	15.0	
3818	6.0	
3819	5.0	
3820	21.0	
3822	13.0	
3823	3.0	
3824	15.0	
3825	10.0	
3826	11.0	
3827	16.0	
3829	4.0	
3830	26.0	
3833	10.0	
3835	15.0	
3836	23.0	
3837	15.0	
3838	5.0	
3839	13.0	
3840	65.0	
3842	9.0	
3843	6.0	
3844	15.0	
3845	3.0	
3846	2.0	
3847	19.0	
3848	16.0	
3850	44.0	
3852	14.0	
3853	2.0	
3855	3.0	
3856	23.0	
3858	21.0	
3859	14.0	
3861	11.0	
3862	2.0	
3863	27.0	
3865	27.0	
3866	13.0	
3867	10.0	
3869	21.0	
3870	5.0	
3871	3.0	
3872	7.0	
3874	2.0	
3875	29.0	
3876	8.0	
3877	9.0	
3878	9.0	
3879	19.0	
3880	5.0	
3881	11.0	
3882	13.0	
3883	12.0	
3885	15.0	
3886	23.0	
3888	9.0	
3889	2.0	
3890	20.0	
3891	6.0	
3892	8.0	
3893	28.0	
3894	14.0	
3895	20.0	
3896	37.0	
3899	13.0	
3900	6.0	
3901	24.0	
3902	9.0	
3903	8.0	
3904	1.0	
3905	6.0	
3906	10.0	
3907	5.0	
3909	13.0	
3910	8.0	
3911	6.0	
3912	19.0	
3913	33.0	
3914	5.0	
3915	3.0	
3916	5.0	
3918	16.0	
3919	43.0	
3920	3.0	
3922	9.0	
3923	4.0	
3924	27.0	
3925	4.0	
3926	4.0	
3928	1.0	
3929	38.0	
3931	3.0	
3932	14.0	
3933	7.0	
3934	31.0	
3935	15.0	
3939	16.0	
3940	6.0	
3942	28.0	
3943	6.0	
3944	36.0	
3945	24.0	
3946	28.0	
3947	4.0	
3948	31.0	
3949	6.0	
3950	20.0	
3951	10.0	
3953	3.0	
3954	20.0	
3955	9.0	
3956	22.0	
3957	9.0	
3958	11.0	
3959	2.0	
3960	25.0	
3961	10.0	
3962	13.0	
3964	10.0	
3965	7.0	
3966	21.0	
3967	11.0	
3968	21.0	
3969	9.0	
3970	10.0	
3971	20.0	
3972	22.0	
3973	12.0	
3974	14.0	
3975	3.0	
3976	1.0	
3977	5.0	
3978	7.0	
3979	1.0	
3981	29.0	
3982	29.0	
3983	23.0	
3984	3.0	
3986	21.0	
3987	28.0	
3988	7.0	
3989	4.0	
3990	12.0	
3991	2.0	
3992	14.0	
3994	4.0	
3995	19.0	
3997	18.0	
3999	4.0	
4000	33.0	
4001	24.0	
4002	22.0	
4005	10.0	
4006	30.0	
4007	19.0	
4008	4.0	
4010	16.0	
4011	9.0	
4012	3.0	
4013	7.0	
4014	13.0	
4016	7.0	
4017	36.0	
4018	4.0	
4019	19.0	
4020	12.0	
4022	12.0	
4023	15.0	
4024	15.0	
4025	33.0	
4026	15.0	
4027	17.0	
4028	22.0	
4029	11.0	
4030	22.0	
4031	9.0	
4032	18.0	
4033	9.0	
4034	6.0	
4035	28.0	
4036	21.0	
4037	15.0	
4038	5.0	
4039	6.0	
4040	43.0	
4041	23.0	
4042	13.0	
4043	15.0	
4045	28.0	
4046	7.0	
4047	5.0	
4048	10.0	
4049	19.0	
4050	11.0	
4051	5.0	
4052	43.0	
4053	18.0	
4054	3.0	
4055	16.0	
4056	8.0	
4057	26.0	
4058	16.0	
4059	10.0	
4060	20.0	
4061	19.0	
4062	16.0	
4063	22.0	
4064	6.0	
4065	38.0	
4066	15.0	
4067	4.0	
4068	20.0	
4069	17.0	
4070	19.0	
4071	5.0	
4072	33.0	
4073	30.0	
4074	21.0	
4075	27.0	
4076	1.0	
4077	27.0	
4078	7.0	
4079	18.0	
4080	34.0	
4081	25.0	
4082	33.0	
4083	23.0	
4084	32.0	
4085	1.0	
4086	22.0	
4087	32.0	
4088	24.0	
4089	31.0	
4090	32.0	
4091	3.0	
4092	10.0	
4093	9.0	
4094	3.0	
4095	17.0	
4097	22.0	
4099	16.0	
4100	3.0	
4101	11.0	
4102	40.0	
4103	37.0	
4104	7.0	
4105	17.0	
4106	46.0	
4107	8.0	
4108	17.0	
4109	4.0	
4110	38.0	
4111	15.0	
4112	9.0	
4113	17.0	
4114	4.0	
4115	15.0	
4116	30.0	
4118	6.0	
4119	5.0	
4120	17.0	
4121	18.0	
4122	1.0	
4123	21.0	
4124	6.0	
4125	9.0	
4126	17.0	
4127	8.0	
4128	14.0	
4129	12.0	
4130	11.0	
4131	50.0	
4132	8.0	
4133	16.0	
4135	60.0	
4136	6.0	
4138	15.0	
4139	4.0	
4140	10.0	
4141	9.0	
4142	4.0	
4143	5.0	
4144	31.0	
4145	13.0	
4146	6.0	
4147	3.0	
4148	19.0	
4149	5.0	
4150	25.0	
4151	30.0	
4152	13.0	
4153	36.0	
4155	5.0	
4156	10.0	
4157	7.0	
4158	9.0	
4159	10.0	
4160	2.0	
4161	26.0	
4162	15.0	
4163	38.0	
4164	14.0	
4165	2.0	
4166	13.0	
4167	23.0	
4169	6.0	
4170	3.0	
4171	47.0	
4173	30.0	
4174	3.0	
4175	11.0	
4176	7.0	
4177	15.0	
4178	32.0	
4179	9.0	
4180	17.0	
4181	6.0	
4182	10.0	
4183	18.0	
4184	7.0	
4185	5.0	
4186	16.0	
4187	2.0	
4188	9.0	
4189	21.0	
4190	21.0	
4191	6.0	
4192	9.0	
4193	31.0	
4194	43.0	
4195	12.0	
4196	1.0	
4197	40.0	
4198	21.0	
4199	8.0	
4200	12.0	
4201	23.0	
4202	42.0	
4203	27.0	
4204	10.0	
4205	30.0	
4206	46.0	
4207	21.0	
4208	10.0	
4209	5.0	
4210	20.0	
4211	4.0	
4212	18.0	
4214	3.0	
4215	13.0	
4216	19.0	
4217	9.0	
4218	8.0	
4219	42.0	
4220	21.0	
4221	14.0	
4222	26.0	
4223	44.0	
4224	1.0	
4225	14.0	
4226	23.0	
4227	11.0	
4228	1.0	
4229	34.0	
4230	6.0	
4231	9.0	
4232	7.0	
4233	11.0	
4234	11.0	
4235	22.0	
4236	16.0	
4238	29.0	
4239	35.0	
4240	1.0	
4241	18.0	
4243	41.0	
4245	21.0	
4246	15.0	
4247	22.0	
4248	45.0	
4249	36.0	
4250	25.0	
4251	11.0	
4252	4.0	
4253	17.0	
4254	7.0	
4255	74.0	
4256	11.0	
4257	1.0	
4258	3.0	
4259	37.0	
4260	6.0	
4261	24.0	
4262	8.0	
4263	4.0	
4265	6.0	
4266	18.0	
4267	22.0	
4268	11.0	
4269	11.0	
4270	34.0	
4271	14.0	
4272	38.0	
4273	20.0	
4274	27.0	
4275	11.0	
4276	35.0	
4277	10.0	
4278	43.0	
4279	13.0	
4280	19.0	
4281	31.0	
4282	11.0	
4283	20.0	
4284	4.0	
4285	6.0	
4286	26.0	
4287	39.0	
4288	12.0	
4289	26.0	
4290	5.0	
4291	9.0	
4292	17.0	
4293	10.0	
4294	1.0	
4295	8.0	
4296	6.0	
4297	9.0	
4298	16.0	
4299	47.0	
4300	14.0	
4302	18.0	
4303	16.0	
4304	3.0	
4305	23.0	
4306	29.0	
4307	9.0	
4308	10.0	
4309	37.0	
4310	23.0	
4311	10.0	
4312	18.0	
4313	4.0	
4314	2.0	
4315	5.0	
4316	5.0	
4317	7.0	
4318	15.0	
4319	32.0	
4320	2.0	
4321	10.0	
4322	26.0	
4323	14.0	
4324	26.0	
4325	34.0	
4326	11.0	
4327	3.0	
4328	20.0	
4329	3.0	
4330	30.0	
4331	20.0	
4332	34.0	
4333	7.0	
4334	25.0	
4335	19.0	
4336	14.0	
4337	5.0	
4338	27.0	
4339	3.0	
4340	8.0	
4341	43.0	
4342	3.0	
4343	12.0	
4344	38.0	
4345	39.0	
4346	34.0	
4347	20.0	
4348	5.0	
4349	9.0	
4350	55.0	
4351	14.0	
4352	3.0	
4353	12.0	
4354	27.0	
4355	7.0	
4357	44.0	
4358	44.0	
4359	11.0	
4360	50.0	
4361	9.0	
4362	29.0	
4363	10.0	
4364	16.0	
4365	31.0	
4366	5.0	
4367	25.0	
4368	27.0	
4369	6.0	
4370	11.0	
4371	4.0	
4372	31.0	
4373	31.0	
4374	20.0	
4375	12.0	
4376	11.0	
4377	29.0	
4378	46.0	
4379	54.0	
4380	14.0	
4381	26.0	
4382	19.0	
4383	31.0	
4384	30.0	
4385	34.0	
4386	29.0	
4389	28.0	
4390	62.0	
4391	27.0	
4392	24.0	
4393	3.0	
4394	9.0	
4395	18.0	
4396	2.0	
4397	23.0	
4398	28.0	
4400	2.0	
4401	6.0	
4402	6.0	
4403	3.0	
4404	23.0	
4405	3.0	
4406	13.0	
4407	67.0	
4408	24.0	
4409	49.0	
4410	11.0	
4411	5.0	
4412	16.0	
4413	21.0	
4414	17.0	
4415	28.0	
4416	5.0	
4417	38.0	
4418	5.0	
4419	28.0	
4420	41.0	
4421	22.0	
4422	26.0	
4423	20.0	
4424	7.0	
4425	19.0	
4426	22.0	
4427	7.0	
4428	8.0	
4429	22.0	
4430	15.0	
4431	32.0	
4432	8.0	
4433	11.0	
4434	33.0	
4435	42.0	
4436	16.0	
4437	29.0	
4438	45.0	
4439	10.0	
4440	13.0	
4441	37.0	
4442	36.0	
4443	24.0	
4444	32.0	
4445	43.0	
4446	38.0	
4447	24.0	
4449	13.0	
4450	27.0	
4451	16.0	
4452	19.0	
4453	31.0	
4456	47.0	
4457	15.0	
4458	16.0	
4459	30.0	
4461	16.0	
4462	23.0	
4463	25.0	
4464	27.0	
4465	35.0	
4466	23.0	
4467	42.0	
4468	9.0	
4469	14.0	
4470	25.0	
4471	34.0	
4472	20.0	
4473	64.0	
4474	20.0	
4475	9.0	
4476	27.0	
4477	44.0	
4478	11.0	
4479	23.0	
4480	8.0	
4481	19.0	
4482	5.0	
4483	38.0	
4484	39.0	
4485	8.0	
4486	13.0	
4487	13.0	
4488	20.0	
4489	30.0	
4490	7.0	
4491	69.0	
4492	34.0	
4493	12.0	
4494	12.0	
4496	13.0	
4497	9.0	
4498	21.0	
4499	12.0	
4500	21.0	
4501	33.0	
4502	24.0	
4503	6.0	
4504	6.0	
4505	11.0	
4506	37.0	
4507	3.0	
4508	18.0	
4509	28.0	
4511	25.0	
4512	36.0	
4513	34.0	
4514	38.0	
4515	38.0	
4516	28.0	
4517	21.0	
4518	32.0	
4519	7.0	
4520	21.0	
4521	11.0	
4522	10.0	
4523	23.0	
4525	18.0	
4526	28.0	
4527	50.0	
4528	22.0	
4529	17.0	
4530	78.0	
4531	31.0	
4532	21.0	
4533	21.0	
4534	25.0	
4535	29.0	
4536	48.0	
4537	23.0	
4538	6.0	
4539	10.0	
4540	9.0	
4541	65.0	
4542	8.0	
4543	14.0	
4544	17.0	
4545	8.0	
4546	38.0	
4547	42.0	
4548	30.0	
4549	31.0	
4550	63.0	
4551	51.0	
4552	9.0	
4553	8.0	
4554	49.0	
4555	16.0	
4556	33.0	
4557	16.0	
4558	13.0	
4559	3.0	
4560	54.0	
4561	9.0	
4562	17.0	
4563	12.0	
4564	53.0	
4565	12.0	
4566	10.0	
4568	21.0	
4569	18.0	
4570	58.0	
4571	75.0	
4572	32.0	
4573	20.0	
4574	40.0	
4575	29.0	
4576	78.0	
4577	33.0	
4578	5.0	
4579	14.0	
4580	10.0	
4581	3.0	
4582	39.0	
4583	18.0	
4584	9.0	
4585	14.0	
4586	2.0	
4587	43.0	
4588	2.0	
4589	10.0	
4591	56.0	
4592	45.0	
4593	5.0	
4594	12.0	
4595	17.0	
4596	16.0	
4597	23.0	
4598	30.0	
4599	4.0	
4600	26.0	
4601	15.0	
4602	14.0	
4603	71.0	
4604	51.0	
4605	26.0	
4606	29.0	
4607	35.0	
4608	32.0	
4609	64.0	
4610	36.0	
4611	18.0	
4612	51.0	
4613	35.0	
4614	16.0	
4615	21.0	
4616	44.0	
4617	5.0	
4618	78.0	
4619	41.0	
4620	38.0	
4621	34.0	
4622	2.0	
4623	12.0	
4624	4.0	
4625	38.0	
4626	24.0	
4627	22.0	
4628	74.0	
4629	20.0	
4630	19.0	
4631	10.0	
4632	82.0	
4633	23.0	
4634	30.0	
4635	52.0	
4636	45.0	
4637	34.0	
4638	23.0	
4639	24.0	
4640	38.0	
4641	39.0	
4642	35.0	
4643	36.0	
4644	40.0	
4645	16.0	
4646	19.0	
4647	10.0	
4648	33.0	
4649	34.0	
4650	40.0	
4651	5.0	
4652	16.0	
4653	21.0	
4654	18.0	
4655	31.0	
4656	85.0	
4657	30.0	
4658	26.0	
4659	34.0	
4660	23.0	
4661	33.0	
4662	12.0	
4663	12.0	
4664	51.0	
4665	68.0	
4666	16.0	
4667	36.0	
4668	49.0	
4669	3.0	
4670	29.0	
4671	41.0	
4672	49.0	
4673	36.0	
4674	33.0	
4675	14.0	
4676	52.0	
4677	8.0	
4678	46.0	
4679	35.0	
4680	34.0	
4681	1.0	
4682	5.0	
4683	32.0	
4684	29.0	
4685	29.0	
4686	54.0	
4687	16.0	
4688	44.0	
4689	27.0	
4690	5.0	
4691	9.0	
4692	12.0	
4693	37.0	
4694	69.0	
4695	18.0	
4696	8.0	
4697	15.0	
4698	46.0	
4699	37.0	
4700	57.0	
4701	21.0	
4702	26.0	
4703	45.0	
4704	36.0	
4705	77.0	
4706	53.0	
4707	24.0	
4708	22.0	
4709	56.0	
4710	51.0	
4711	27.0	
4712	26.0	
4713	41.0	
4714	30.0	
4715	32.0	
4716	40.0	
4717	37.0	
4718	57.0	
4719	39.0	
4720	27.0	
4721	62.0	
4722	16.0	
4723	39.0	
4724	31.0	
4725	36.0	
4726	91.0	
4727	78.0	
4728	48.0	
4729	59.0	
4730	42.0	
4731	18.0	
4732	69.0	
4733	99.0	
4734	47.0	
4735	25.0	
4736	47.0	
4737	42.0	
4738	19.0	
4739	36.0	
4740	36.0	
4741	66.0	
4742	17.0	
4743	39.0	
4744	46.0	
4745	39.0	
4746	64.0	
4747	61.0	
4748	20.0	
4749	53.0	
4750	19.0	
4751	62.0	
4752	33.0	
4753	60.0	
4754	8.0	
4755	39.0	
4756	33.0	
4757	37.0	
4758	74.0	
4759	33.0	
4760	71.0	
4761	47.0	
4762	40.0	
4763	36.0	
4764	25.0	
4765	1.0	
4766	66.0	
4767	67.0	
4768	45.0	
4769	31.0	
4770	45.0	
4771	35.0	
4772	14.0	
4773	33.0	
4774	67.0	
4775	32.0	
4776	68.0	
4777	60.0	
4778	11.0	
4779	45.0	
4780	45.0	
4781	44.0	
4782	40.0	
4783	17.0	
4784	35.0	
4785	30.0	
4786	55.0	
4787	48.0	
4788	49.0	
4789	55.0	
4790	21.0	
4791	9.0	
4792	28.0	
4793	56.0	
4794	44.0	
4795	41.0	
4796	45.0	
4797	68.0	
4798	85.0	
4799	52.0	
4800	38.0	
4801	74.0	
4802	49.0	
4803	64.0	
4804	47.0	
4805	53.0	
4806	33.0	
4807	48.0	
4808	50.0	
4809	29.0	
4810	65.0	
4811	31.0	
4812	58.0	
4813	16.0	
4814	29.0	
4815	63.0	
4816	49.0	
4817	5.0	
4818	14.0	
4819	98.0	
4820	48.0	
4821	31.0	
4822	75.0	
4823	27.0	
4824	22.0	
4825	55.0	
4826	18.0	
4827	19.0	
4828	48.0	
4829	15.0	
4830	33.0	
4831	75.0	
4832	20.0	
4833	34.0	
4834	49.0	
4835	19.0	
4836	46.0	
4837	26.0	
4838	13.0	
4839	27.0	
4840	31.0	
4841	23.0	
4842	90.0	
4843	3.0	
4844	44.0	
4845	55.0	
4846	53.0	
4847	10.0	
4848	49.0	
4849	71.0	
4850	13.0	
4851	55.0	
4852	30.0	
4853	44.0	
4854	50.0	
4855	2.0	
4856	50.0	
4857	56.0	
4858	42.0	
4859	47.0	
4860	46.0	
4861	72.0	
4862	107.0	
4863	128.0	
4864	129.0	
4865	18.0	
4866	80.0	
4867	63.0	
4868	68.0	
4869	46.0	
4870	78.0	
4871	47.0	
4872	74.0	
4873	52.0	
4874	73.0	
4875	88.0	
4876	55.0	
4877	30.0	
4878	25.0	
4879	55.0	
4880	102.0	
4881	13.0	
4882	12.0	
4883	60.0	
4884	76.0	
4885	35.0	
4886	62.0	
4887	59.0	
4888	34.0	
4889	19.0	
4890	84.0	
4891	48.0	
4892	20.0	
4893	69.0	
4894	37.0	
4895	87.0	
4896	117.0	
4897	47.0	
4898	57.0	
4899	59.0	
4900	75.0	
4901	67.0	
4902	64.0	
4903	120.0	
4904	92.0	
4905	97.0	
4906	50.0	
4907	44.0	
4908	69.0	
4909	35.0	
4910	43.0	
4911	38.0	
4912	97.0	
4913	20.0	
4914	31.0	
4915	54.0	
4916	97.0	
4917	29.0	
4918	108.0	
4919	112.0	
4920	87.0	
4921	76.0	
4922	46.0	
4923	53.0	
4924	74.0	
4925	50.0	
4926	44.0	
4927	119.0	
4928	122.0	
4929	64.0	
4930	68.0	
4931	90.0	
4932	95.0	
4933	51.0	
4934	52.0	
4935	54.0	
4936	98.0	
4937	65.0	
4938	139.0	
4939	55.0	
4940	63.0	
4941	52.0	
4942	55.0	
4943	54.0	
4944	57.0	
4945	40.0	
4946	49.0	
4947	75.0	
4948	53.0	
4949	49.0	
4950	91.0	
4951	63.0	
4952	37.0	
4953	101.0	
4954	79.0	
4955	86.0	
4956	61.0	
4957	70.0	
4958	90.0	
4959	91.0	
4960	32.0	
4961	98.0	
4962	154.0	
4963	18.0	
4964	102.0	
4965	50.0	
4966	88.0	
4967	36.0	
4968	85.0	
4969	69.0	
4970	65.0	
4971	40.0	
4972	117.0	
4973	38.0	
4974	42.0	
4975	108.0	
4976	47.0	
4977	52.0	
4978	74.0	
4979	32.0	
4980	64.0	
4981	83.0	
4982	96.0	
4983	32.0	
4984	116.0	
4985	9.0	
4986	162.0	
4987	64.0	
4988	82.0	
4989	79.0	
4990	91.0	
4991	57.0	
4992	131.0	
4993	165.0	
4994	82.0	
4995	46.0	
4996	78.0	
4997	75.0	
4998	120.0	
4999	80.0	
5000	109.0	
5001	62.0	
5002	70.0	
5003	36.0	
5005	1.0	
}
{AGGED_RECORDS=49448, CONSUMER_POLLS=18014}
{POLL_SIZE=POLL_SIZE  
0 8632
1 1817
2 1454
3 1226
4 909
5 769
6 586
7 479
8 390
9 330
10 242
11 214
12 185
13 159
14 103
15 95
16 80
17 51
18 59
19 52
20 31
21 26
22 24
23 19
24 14
25 16
26 10
27 4
28 5
29 6
30 5
31 6
32 4
33 1
34 4
35 1
36 1
37 1
39 1
41 1
44 1
66 1}
